# JRE version: Java(TM) SE Runtime Environment (8.0_121-b13) (build 1.8.0_121-b13)
# Java VM: Java HotSpot(TM) 64-Bit Server VM (25.121-b13 mixed mode windows-amd64 compressed oops)
Heap:
 PSYoungGen      total 135680K, used 99986K [0x00000000d5580000, 0x00000000de900000, 0x0000000100000000)
  eden space 126464K, 73% used [0x00000000d5580000,0x00000000dafe2d80,0x00000000dd100000)
  from space 9216K, 80% used [0x00000000de000000,0x00000000de741b58,0x00000000de900000)
  to   space 12288K, 0% used [0x00000000dd100000,0x00000000dd100000,0x00000000ddd00000)
 ParOldGen       total 103936K, used 19311K [0x0000000080000000, 0x0000000086580000, 0x00000000d5580000)
  object space 103936K, 18% used [0x0000000080000000,0x00000000812dbd80,0x0000000086580000)
 Metaspace       used 46398K, capacity 47562K, committed 47744K, reserved 1089536K
  class space    used 6393K, capacity 6723K, committed 6784K, reserved 1048576K
GC Heap History (10 events):
Event: 12.554 GC heap before
{Heap before GC invocations=6 (full 1):
 PSYoungGen      total 71680K, used 66560K [0x00000000d5580000, 0x00000000da080000, 0x0000000100000000)
  eden space 66560K, 100% used [0x00000000d5580000,0x00000000d9680000,0x00000000d9680000)
  from space 5120K, 0% used [0x00000000d9b80000,0x00000000d9b80000,0x00000000da080000)
  to   space 5120K, 0% used [0x00000000d9680000,0x00000000d9680000,0x00000000d9b80000)
 ParOldGen       total 70656K, used 12389K [0x0000000080000000, 0x0000000084500000, 0x00000000d5580000)
  object space 70656K, 17% used [0x0000000080000000,0x0000000080c195f8,0x0000000084500000)
 Metaspace       used 26783K, capacity 27238K, committed 27520K, reserved 1073152K
  class space    used 3725K, capacity 3896K, committed 3968K, reserved 1048576K
Event: 12.566 GC heap after
Heap after GC invocations=6 (full 1):
 PSYoungGen      total 71680K, used 5097K [0x00000000d5580000, 0x00000000dc400000, 0x0000000100000000)
  eden space 66560K, 0% used [0x00000000d5580000,0x00000000d5580000,0x00000000d9680000)
  from space 5120K, 99% used [0x00000000d9680000,0x00000000d9b7a448,0x00000000d9b80000)
  to   space 10752K, 0% used [0x00000000db980000,0x00000000db980000,0x00000000dc400000)
 ParOldGen       total 70656K, used 13811K [0x0000000080000000, 0x0000000084500000, 0x00000000d5580000)
  object space 70656K, 19% used [0x0000000080000000,0x0000000080d7cff8,0x0000000084500000)
 Metaspace       used 26783K, capacity 27238K, committed 27520K, reserved 1073152K
  class space    used 3725K, capacity 3896K, committed 3968K, reserved 1048576K
}
Event: 17.967 GC heap before
{Heap before GC invocations=7 (full 1):
 PSYoungGen      total 71680K, used 71657K [0x00000000d5580000, 0x00000000dc400000, 0x0000000100000000)
  eden space 66560K, 100% used [0x00000000d5580000,0x00000000d9680000,0x00000000d9680000)
  from space 5120K, 99% used [0x00000000d9680000,0x00000000d9b7a448,0x00000000d9b80000)
  to   space 10752K, 0% used [0x00000000db980000,0x00000000db980000,0x00000000dc400000)
 ParOldGen       total 70656K, used 13811K [0x0000000080000000, 0x0000000084500000, 0x00000000d5580000)
  object space 70656K, 19% used [0x0000000080000000,0x0000000080d7cff8,0x0000000084500000)
 Metaspace       used 31457K, capacity 31962K, committed 32512K, reserved 1077248K
  class space    used 4306K, capacity 4515K, committed 4608K, reserved 1048576K
Event: 17.984 GC heap after
Heap after GC invocations=7 (full 1):
 PSYoungGen      total 96768K, used 8524K [0x00000000d5580000, 0x00000000dc200000, 0x0000000100000000)
  eden space 88064K, 0% used [0x00000000d5580000,0x00000000d5580000,0x00000000dab80000)
  from space 8704K, 97% used [0x00000000db980000,0x00000000dc1d3330,0x00000000dc200000)
  to   space 10752K, 0% used [0x00000000dad00000,0x00000000dad00000,0x00000000db780000)
 ParOldGen       total 70656K, used 13819K [0x0000000080000000, 0x0000000084500000, 0x00000000d5580000)
  object space 70656K, 19% used [0x0000000080000000,0x0000000080d7eff8,0x0000000084500000)
 Metaspace       used 31457K, capacity 31962K, committed 32512K, reserved 1077248K
  class space    used 4306K, capacity 4515K, committed 4608K, reserved 1048576K
}
Event: 21.662 GC heap before
{Heap before GC invocations=8 (full 1):
 PSYoungGen      total 96768K, used 74751K [0x00000000d5580000, 0x00000000dc200000, 0x0000000100000000)
  eden space 88064K, 75% used [0x00000000d5580000,0x00000000d962c9a0,0x00000000dab80000)
  from space 8704K, 97% used [0x00000000db980000,0x00000000dc1d3330,0x00000000dc200000)
  to   space 10752K, 0% used [0x00000000dad00000,0x00000000dad00000,0x00000000db780000)
 ParOldGen       total 70656K, used 13819K [0x0000000080000000, 0x0000000084500000, 0x00000000d5580000)
  object space 70656K, 19% used [0x0000000080000000,0x0000000080d7eff8,0x0000000084500000)
 Metaspace       used 34645K, capacity 35150K, committed 35496K, reserved 1079296K
  class space    used 4712K, capacity 4864K, committed 4864K, reserved 1048576K
Event: 21.886 GC heap after
Heap after GC invocations=8 (full 1):
 PSYoungGen      total 100352K, used 10720K [0x00000000d5580000, 0x00000000dec80000, 0x0000000100000000)
  eden space 89600K, 0% used [0x00000000d5580000,0x00000000d5580000,0x00000000dad00000)
  from space 10752K, 99% used [0x00000000dad00000,0x00000000db778158,0x00000000db780000)
  to   space 12800K, 0% used [0x00000000de000000,0x00000000de000000,0x00000000dec80000)
 ParOldGen       total 70656K, used 15261K [0x0000000080000000, 0x0000000084500000, 0x00000000d5580000)
  object space 70656K, 21% used [0x0000000080000000,0x0000000080ee77a0,0x0000000084500000)
 Metaspace       used 34645K, capacity 35150K, committed 35496K, reserved 1079296K
  class space    used 4712K, capacity 4864K, committed 4864K, reserved 1048576K
}
Event: 21.886 GC heap before
{Heap before GC invocations=9 (full 2):
 PSYoungGen      total 100352K, used 10720K [0x00000000d5580000, 0x00000000dec80000, 0x0000000100000000)
  eden space 89600K, 0% used [0x00000000d5580000,0x00000000d5580000,0x00000000dad00000)
  from space 10752K, 99% used [0x00000000dad00000,0x00000000db778158,0x00000000db780000)
  to   space 12800K, 0% used [0x00000000de000000,0x00000000de000000,0x00000000dec80000)
 ParOldGen       total 70656K, used 15261K [0x0000000080000000, 0x0000000084500000, 0x00000000d5580000)
  object space 70656K, 21% used [0x0000000080000000,0x0000000080ee77a0,0x0000000084500000)
 Metaspace       used 34645K, capacity 35150K, committed 35496K, reserved 1079296K
  class space    used 4712K, capacity 4864K, committed 4864K, reserved 1048576K
Event: 22.255 GC heap after
Heap after GC invocations=9 (full 2):
 PSYoungGen      total 100352K, used 0K [0x00000000d5580000, 0x00000000dec80000, 0x0000000100000000)
  eden space 89600K, 0% used [0x00000000d5580000,0x00000000d5580000,0x00000000dad00000)
  from space 10752K, 0% used [0x00000000dad00000,0x00000000dad00000,0x00000000db780000)
  to   space 12800K, 0% used [0x00000000de000000,0x00000000de000000,0x00000000dec80000)
 ParOldGen       total 103936K, used 19239K [0x0000000080000000, 0x0000000086580000, 0x00000000d5580000)
  object space 103936K, 18% used [0x0000000080000000,0x00000000812c9d70,0x0000000086580000)
 Metaspace       used 34645K, capacity 35150K, committed 35496K, reserved 1079296K
  class space    used 4712K, capacity 4864K, committed 4864K, reserved 1048576K
}
Event: 26.906 GC heap before
{Heap before GC invocations=10 (full 2):
 PSYoungGen      total 100352K, used 89600K [0x00000000d5580000, 0x00000000dec80000, 0x0000000100000000)
  eden space 89600K, 100% used [0x00000000d5580000,0x00000000dad00000,0x00000000dad00000)
  from space 10752K, 0% used [0x00000000dad00000,0x00000000dad00000,0x00000000db780000)
  to   space 12800K, 0% used [0x00000000de000000,0x00000000de000000,0x00000000dec80000)
 ParOldGen       total 103936K, used 19239K [0x0000000080000000, 0x0000000086580000, 0x00000000d5580000)
  object space 103936K, 18% used [0x0000000080000000,0x00000000812c9d70,0x0000000086580000)
 Metaspace       used 42500K, capacity 43242K, committed 43648K, reserved 1087488K
  class space    used 5788K, capacity 6003K, committed 6016K, reserved 1048576K
Event: 26.920 GC heap after
Heap after GC invocations=10 (full 2):
 PSYoungGen      total 135680K, used 7430K [0x00000000d5580000, 0x00000000de900000, 0x0000000100000000)
  eden space 126464K, 0% used [0x00000000d5580000,0x00000000d5580000,0x00000000dd100000)
  from space 9216K, 80% used [0x00000000de000000,0x00000000de741b58,0x00000000de900000)
  to   space 12288K, 0% used [0x00000000dd100000,0x00000000dd100000,0x00000000ddd00000)
 ParOldGen       total 103936K, used 19311K [0x0000000080000000, 0x0000000086580000, 0x00000000d5580000)
  object space 103936K, 18% used [0x0000000080000000,0x00000000812dbd80,0x0000000086580000)
 Metaspace       used 42500K, capacity 43242K, committed 43648K, reserved 1087488K
  class space    used 5788K, capacity 6003K, committed 6016K, reserved 1048576K
}

